Script started at Sun Jun  8 21:46:24 PDT 2025
>>> Script started
>>> Added to .strings file: key = 2025-06-08_MingDao_Deng
[main 92de9e6] Add quote for 2025-06-08
 5 files changed, 12 insertions(+), 17 deletions(-)
 create mode 100644 logs/.DS_Store
 create mode 100644 logs/script_debug.log
To https://github.com/jrueppel/DailyQuoteLocalizationRepo.git
   d846bc0..92de9e6  main -> main
>>> Git push complete
Daily quote added and pushed.
>>> Script finished
Script started at Sun Jun  8 21:56:01 PDT 2025
>>> Script started
>>> Added to .strings file: key = 2025-06-08_Thich_Nhat_Hanh
[main 38cb868] Add quote for 2025-06-08
 2 files changed, 13 insertions(+)
To https://github.com/jrueppel/DailyQuoteLocalizationRepo.git
   92de9e6..38cb868  main -> main
>>> Git push complete
Daily quote added and pushed.
>>> Script finished
Script started at Sun Jun  8 21:57:05 PDT 2025
>>> Script started
>>> Added to .strings file: key = 2025-06-08_Thich_Nhat_Hanh
[main 7a82428] Add quote for 2025-06-08
 2 files changed, 11 insertions(+)
To https://github.com/jrueppel/DailyQuoteLocalizationRepo.git
   38cb868..7a82428  main -> main
>>> Git push complete
Daily quote added and pushed.
>>> Script finished
Script started at Sun Jun  8 21:59:01 PDT 2025
>>> Script started
>>> Added to .strings file: key = 2025-06-08_Barack_Obama
[main 1bdabe8] Add quote for 2025-06-08
 4 files changed, 15 insertions(+)
 create mode 100644 logs/cron_debug.log
To https://github.com/jrueppel/DailyQuoteLocalizationRepo.git
   7a82428..1bdabe8  main -> main
>>> Git push complete
Daily quote added and pushed.
>>> Script finished
Script started at Sun Jun  8 22:00:46 PDT 2025
>>> Script started
>>> Added to .strings file: key = 2025-06-08_Thomas_Jefferson
[main e2e76cf] Add quote for 2025-06-08
 4 files changed, 19 insertions(+)
To https://github.com/jrueppel/DailyQuoteLocalizationRepo.git
   1bdabe8..e2e76cf  main -> main
>>> Git push complete
Daily quote added and pushed.
>>> Script finished
Script started at Sun Jun  8 22:03:02 PDT 2025
>>> Script started
>>> Added to .strings file: key = 2025-06-08_James_Allen
[main f846038] Add quote for 2025-06-08
 4 files changed, 19 insertions(+), 5 deletions(-)
To https://github.com/jrueppel/DailyQuoteLocalizationRepo.git
   e2e76cf..f846038  main -> main
>>> Git push complete
Daily quote added and pushed.
>>> Script finished
Script started at Sun Jun  8 22:09:31 PDT 2025
>>> Script started
>>> Added to .strings file: key = 2025-06-08_Rumi
[main 5c2caf6] Add quote for 2025-06-08
 3 files changed, 15 insertions(+)
To https://github.com/jrueppel/DailyQuoteLocalizationRepo.git
   f846038..5c2caf6  main -> main
>>> Git push complete
Daily quote added and pushed.
>>> Script finished
Script started at Sun Jun  8 22:16:50 PDT 2025
>>> Script started
>>> Added to .strings file: key = 2025-06-08_Ayn_Rand
[main de78885] Add quote for 2025-06-08
 4 files changed, 16 insertions(+)
To https://github.com/jrueppel/DailyQuoteLocalizationRepo.git
   5c2caf6..de78885  main -> main
>>> Git push complete
Daily quote added and pushed.
>>> Script finished
Script started at Sun Jun  8 22:17:30 PDT 2025
>>> Script started
>>> Added to .strings file: key = 2025-06-08_Stephen_Hawking
[main 85f0966] Add quote for 2025-06-08
 3 files changed, 15 insertions(+)
To https://github.com/jrueppel/DailyQuoteLocalizationRepo.git
   de78885..85f0966  main -> main
>>> Git push complete
Daily quote added and pushed.
>>> Script finished
